<?xml version="1.0" encoding="UTF-8"?>
<testsuite name="CT03ISBNBranco" tests="1" skipped="0" failures="0" errors="0" timestamp="2021-05-10T01:12:21" hostname="WINAPTK9REKR2NB" time="0.014">
  <properties/>
  <testcase name="testISBNBranco" classname="CT03ISBNBranco" time="0.014"/>
  <system-out><![CDATA[]]></system-out>
  <system-err><![CDATA[]]></system-err>
</testsuite>
